2018-08-31 15:13:00,868 - Log4JLogChute initialized using file 'velocity.log'
2018-08-31 15:13:00,868 - Initializing Velocity, Calling init()...
2018-08-31 15:13:00,868 - Starting Apache Velocity v1.7 (compiled: 2010-11-19 12:14:37)
2018-08-31 15:13:00,868 - Default Properties File: org\apache\velocity\runtime\defaults\velocity.properties
2018-08-31 15:13:00,869 - Trying to use logger class org.apache.velocity.runtime.log.AvalonLogChute
2018-08-31 15:13:00,869 - Target log system for org.apache.velocity.runtime.log.AvalonLogChute is not available (java.lang.NoClassDefFoundError: org/apache/log/Priority).  Falling back to next log system...
2018-08-31 15:13:00,869 - Trying to use logger class org.apache.velocity.runtime.log.Log4JLogChute
2018-08-31 15:13:00,869 - Using logger class org.apache.velocity.runtime.log.Log4JLogChute
2018-08-31 15:13:00,873 - ResourceLoader instantiated: org.apache.velocity.runtime.resource.loader.ClasspathResourceLoader
2018-08-31 15:13:00,882 - ResourceCache: initialized (class org.apache.velocity.runtime.resource.ResourceCacheImpl) with class java.util.Collections$SynchronizedMap cache map.
2018-08-31 15:13:00,886 - Loaded System Directive: org.apache.velocity.runtime.directive.Stop
2018-08-31 15:13:00,887 - Loaded System Directive: org.apache.velocity.runtime.directive.Define
2018-08-31 15:13:00,887 - Loaded System Directive: org.apache.velocity.runtime.directive.Break
2018-08-31 15:13:00,888 - Loaded System Directive: org.apache.velocity.runtime.directive.Evaluate
2018-08-31 15:13:00,889 - Loaded System Directive: org.apache.velocity.runtime.directive.Literal
2018-08-31 15:13:00,889 - Loaded System Directive: org.apache.velocity.runtime.directive.Macro
2018-08-31 15:13:00,891 - Loaded System Directive: org.apache.velocity.runtime.directive.Parse
2018-08-31 15:13:00,892 - Loaded System Directive: org.apache.velocity.runtime.directive.Include
2018-08-31 15:13:00,892 - Loaded System Directive: org.apache.velocity.runtime.directive.Foreach
2018-08-31 15:13:00,904 - Created '20' parsers.
2018-08-31 15:13:00,906 - Velocimacro : "velocimacro.library" is not set.  Trying default library: VM_global_library.vm
2018-08-31 15:13:00,908 - Could not load resource 'VM_global_library.vm' from ResourceLoader org.apache.velocity.runtime.resource.loader.ClasspathResourceLoader: ClasspathResourceLoader Error: cannot find resource VM_global_library.vm
2018-08-31 15:13:00,908 - Velocimacro : Default library not found.
2018-08-31 15:13:00,908 - Velocimacro : allowInline = true : VMs can be defined inline in templates
2018-08-31 15:13:00,908 - Velocimacro : allowInlineToOverride = false : VMs defined inline may NOT replace previous VM definitions
2018-08-31 15:13:00,908 - Velocimacro : allowInlineLocal = false : VMs defined inline will be global in scope if allowed.
2018-08-31 15:13:00,908 - Velocimacro : autoload off : VM system will not automatically reload global library macros
2018-08-31 15:13:00,929 - ResourceManager : found templates/vm/java/domain.java.vm with loader org.apache.velocity.runtime.resource.loader.ClasspathResourceLoader
2018-08-31 15:13:00,947 - ResourceManager : found templates/vm/java/Mapper.java.vm with loader org.apache.velocity.runtime.resource.loader.ClasspathResourceLoader
2018-08-31 15:13:00,951 - ResourceManager : found templates/vm/java/Service.java.vm with loader org.apache.velocity.runtime.resource.loader.ClasspathResourceLoader
2018-08-31 15:13:00,956 - ResourceManager : found templates/vm/java/ServiceImpl.java.vm with loader org.apache.velocity.runtime.resource.loader.ClasspathResourceLoader
2018-08-31 15:13:00,961 - ResourceManager : found templates/vm/java/Controller.java.vm with loader org.apache.velocity.runtime.resource.loader.ClasspathResourceLoader
2018-08-31 15:13:00,970 - ResourceManager : found templates/vm/xml/Mapper.xml.vm with loader org.apache.velocity.runtime.resource.loader.ClasspathResourceLoader
2018-08-31 15:13:00,981 - Left side ($primaryKey.extra) of '==' operation has null value. If it is a reference, it may not be in the context or its toString() returned null. templates/vm/xml/Mapper.xml.vm[line 31, column 89]
2018-08-31 15:13:00,981 - Left side ($primaryKey.extra) of '!=' operation has null value. If it is a reference, it may not be in the context or its toString() returned null. templates/vm/xml/Mapper.xml.vm[line 35, column 73]
2018-08-31 15:13:00,981 - Left side ($primaryKey.extra) of '!=' operation has null value. If it is a reference, it may not be in the context or its toString() returned null. templates/vm/xml/Mapper.xml.vm[line 42, column 73]
2018-08-31 15:13:00,985 - ResourceManager : found templates/vm/html/list.html.vm with loader org.apache.velocity.runtime.resource.loader.ClasspathResourceLoader
2018-08-31 15:13:00,989 - ResourceManager : found templates/vm/html/add.html.vm with loader org.apache.velocity.runtime.resource.loader.ClasspathResourceLoader
2018-08-31 15:13:00,991 - ResourceManager : found templates/vm/html/edit.html.vm with loader org.apache.velocity.runtime.resource.loader.ClasspathResourceLoader
2018-08-31 15:13:00,993 - ResourceManager : found templates/vm/sql/sql.vm with loader org.apache.velocity.runtime.resource.loader.ClasspathResourceLoader
